Generated at 2021-11-13 20:10:51 +0000
Chef::Exceptions::FileNotFound: template[/var/www/html/index.html] (apache::default line 14) had an error: Chef::Exceptions::FileNotFound: Cookbook 'apache' (0.1.0) does not contain a file at any of these locations:
  templates/host-ip-172-31-19-221.us-east-2.compute.internal/index.html.erb
  templates/ubuntu-20.04/index.html.erb
  templates/ubuntu/index.html.erb
  templates/default/index.html.erb
  templates/index.html.erb
/opt/chef-workstation/embedded/lib/ruby/gems/3.0.0/gems/chef-17.6.18/lib/chef/cookbook_version.rb:298:in `preferred_manifest_record'
/opt/chef-workstation/embedded/lib/ruby/gems/3.0.0/gems/chef-17.6.18/lib/chef/cookbook_version.rb:306:in `preferred_filename_on_disk_location'
/opt/chef-workstation/embedded/lib/ruby/gems/3.0.0/gems/chef-17.6.18/lib/chef/provider/template_finder.rb:40:in `find'
/opt/chef-workstation/embedded/lib/ruby/gems/3.0.0/gems/chef-17.6.18/lib/chef/provider/template/content.rb:32:in `template_location'
/opt/chef-workstation/embedded/lib/ruby/gems/3.0.0/gems/chef-17.6.18/lib/chef/provider/template.rb:43:in `block in define_resource_requirements'
/opt/chef-workstation/embedded/lib/ruby/gems/3.0.0/gems/chef-17.6.18/lib/chef/mixin/why_run.rb:309:in `assert'
/opt/chef-workstation/embedded/lib/ruby/gems/3.0.0/gems/chef-17.6.18/lib/chef/provider/template.rb:41:in `define_resource_requirements'
/opt/chef-workstation/embedded/lib/ruby/gems/3.0.0/gems/chef-17.6.18/lib/chef/provider.rb:229:in `run_action'
/opt/chef-workstation/embedded/lib/ruby/gems/3.0.0/gems/chef-17.6.18/lib/chef/resource.rb:600:in `block in run_action'
/opt/chef-workstation/embedded/lib/ruby/gems/3.0.0/gems/chef-17.6.18/lib/chef/resource.rb:627:in `with_umask'
/opt/chef-workstation/embedded/lib/ruby/gems/3.0.0/gems/chef-17.6.18/lib/chef/resource.rb:599:in `run_action'
/opt/chef-workstation/embedded/lib/ruby/gems/3.0.0/gems/chef-17.6.18/lib/chef/runner.rb:74:in `run_action'
/opt/chef-workstation/embedded/lib/ruby/gems/3.0.0/gems/chef-17.6.18/lib/chef/runner.rb:108:in `block in run_all_actions'
/opt/chef-workstation/embedded/lib/ruby/gems/3.0.0/gems/chef-17.6.18/lib/chef/runner.rb:108:in `each'
/opt/chef-workstation/embedded/lib/ruby/gems/3.0.0/gems/chef-17.6.18/lib/chef/runner.rb:108:in `run_all_actions'
/opt/chef-workstation/embedded/lib/ruby/gems/3.0.0/gems/chef-17.6.18/lib/chef/runner.rb:132:in `block in converge'
/opt/chef-workstation/embedded/lib/ruby/gems/3.0.0/gems/chef-17.6.18/lib/chef/resource_collection/resource_list.rb:96:in `block in execute_each_resource'
/opt/chef-workstation/embedded/lib/ruby/gems/3.0.0/gems/chef-17.6.18/lib/chef/resource_collection/stepable_iterator.rb:114:in `call_iterator_block'
/opt/chef-workstation/embedded/lib/ruby/gems/3.0.0/gems/chef-17.6.18/lib/chef/resource_collection/stepable_iterator.rb:85:in `step'
/opt/chef-workstation/embedded/lib/ruby/gems/3.0.0/gems/chef-17.6.18/lib/chef/resource_collection/stepable_iterator.rb:103:in `iterate'
/opt/chef-workstation/embedded/lib/ruby/gems/3.0.0/gems/chef-17.6.18/lib/chef/resource_collection/stepable_iterator.rb:54:in `each_with_index'
/opt/chef-workstation/embedded/lib/ruby/gems/3.0.0/gems/chef-17.6.18/lib/chef/resource_collection/resource_list.rb:94:in `execute_each_resource'
/opt/chef-workstation/embedded/lib/ruby/3.0.0/forwardable.rb:238:in `execute_each_resource'
/opt/chef-workstation/embedded/lib/ruby/gems/3.0.0/gems/chef-17.6.18/lib/chef/runner.rb:130:in `converge'
/opt/chef-workstation/embedded/lib/ruby/gems/3.0.0/gems/chef-17.6.18/lib/chef/client.rb:686:in `block in converge'
/opt/chef-workstation/embedded/lib/ruby/gems/3.0.0/gems/chef-17.6.18/lib/chef/client.rb:681:in `catch'
/opt/chef-workstation/embedded/lib/ruby/gems/3.0.0/gems/chef-17.6.18/lib/chef/client.rb:681:in `converge'
/opt/chef-workstation/embedded/lib/ruby/gems/3.0.0/gems/chef-17.6.18/lib/chef/client.rb:705:in `converge_and_save'
/opt/chef-workstation/embedded/lib/ruby/gems/3.0.0/gems/chef-17.6.18/lib/chef/client.rb:285:in `run'
/opt/chef-workstation/embedded/lib/ruby/gems/3.0.0/gems/chef-17.6.18/lib/chef/application.rb:305:in `run_with_graceful_exit_option'
/opt/chef-workstation/embedded/lib/ruby/gems/3.0.0/gems/chef-17.6.18/lib/chef/application.rb:281:in `block in run_chef_client'
/opt/chef-workstation/embedded/lib/ruby/gems/3.0.0/gems/chef-17.6.18/lib/chef/local_mode.rb:42:in `with_server_connectivity'
/opt/chef-workstation/embedded/lib/ruby/gems/3.0.0/gems/chef-17.6.18/lib/chef/application.rb:264:in `run_chef_client'
/opt/chef-workstation/embedded/lib/ruby/gems/3.0.0/gems/chef-17.6.18/lib/chef/application/base.rb:352:in `run_application'
/opt/chef-workstation/embedded/lib/ruby/gems/3.0.0/gems/chef-17.6.18/lib/chef/application.rb:67:in `run'
/opt/chef-workstation/embedded/lib/ruby/gems/3.0.0/gems/chef-17.6.18/lib/chef/application/solo.rb:60:in `run'
/opt/chef-workstation/embedded/lib/ruby/gems/3.0.0/gems/chef-bin-17.6.18/bin/chef-solo:24:in `<top (required)>'
/usr/bin/chef-solo:376:in `load'
/usr/bin/chef-solo:376:in `<main>'

>>>> Caused by Chef::Exceptions::FileNotFound: Cookbook 'apache' (0.1.0) does not contain a file at any of these locations:
  templates/host-ip-172-31-19-221.us-east-2.compute.internal/index.html.erb
  templates/ubuntu-20.04/index.html.erb
  templates/ubuntu/index.html.erb
  templates/default/index.html.erb
  templates/index.html.erb
/opt/chef-workstation/embedded/lib/ruby/gems/3.0.0/gems/chef-17.6.18/lib/chef/cookbook_version.rb:298:in `preferred_manifest_record'
/opt/chef-workstation/embedded/lib/ruby/gems/3.0.0/gems/chef-17.6.18/lib/chef/cookbook_version.rb:306:in `preferred_filename_on_disk_location'
/opt/chef-workstation/embedded/lib/ruby/gems/3.0.0/gems/chef-17.6.18/lib/chef/provider/template_finder.rb:40:in `find'
/opt/chef-workstation/embedded/lib/ruby/gems/3.0.0/gems/chef-17.6.18/lib/chef/provider/template/content.rb:32:in `template_location'
/opt/chef-workstation/embedded/lib/ruby/gems/3.0.0/gems/chef-17.6.18/lib/chef/provider/template.rb:43:in `block in define_resource_requirements'
/opt/chef-workstation/embedded/lib/ruby/gems/3.0.0/gems/chef-17.6.18/lib/chef/mixin/why_run.rb:309:in `assert'
/opt/chef-workstation/embedded/lib/ruby/gems/3.0.0/gems/chef-17.6.18/lib/chef/provider/template.rb:41:in `define_resource_requirements'
/opt/chef-workstation/embedded/lib/ruby/gems/3.0.0/gems/chef-17.6.18/lib/chef/provider.rb:229:in `run_action'
/opt/chef-workstation/embedded/lib/ruby/gems/3.0.0/gems/chef-17.6.18/lib/chef/resource.rb:600:in `block in run_action'
/opt/chef-workstation/embedded/lib/ruby/gems/3.0.0/gems/chef-17.6.18/lib/chef/resource.rb:627:in `with_umask'
/opt/chef-workstation/embedded/lib/ruby/gems/3.0.0/gems/chef-17.6.18/lib/chef/resource.rb:599:in `run_action'
/opt/chef-workstation/embedded/lib/ruby/gems/3.0.0/gems/chef-17.6.18/lib/chef/runner.rb:74:in `run_action'
/opt/chef-workstation/embedded/lib/ruby/gems/3.0.0/gems/chef-17.6.18/lib/chef/runner.rb:108:in `block in run_all_actions'
/opt/chef-workstation/embedded/lib/ruby/gems/3.0.0/gems/chef-17.6.18/lib/chef/runner.rb:108:in `each'
/opt/chef-workstation/embedded/lib/ruby/gems/3.0.0/gems/chef-17.6.18/lib/chef/runner.rb:108:in `run_all_actions'
/opt/chef-workstation/embedded/lib/ruby/gems/3.0.0/gems/chef-17.6.18/lib/chef/runner.rb:132:in `block in converge'
/opt/chef-workstation/embedded/lib/ruby/gems/3.0.0/gems/chef-17.6.18/lib/chef/resource_collection/resource_list.rb:96:in `block in execute_each_resource'
/opt/chef-workstation/embedded/lib/ruby/gems/3.0.0/gems/chef-17.6.18/lib/chef/resource_collection/stepable_iterator.rb:114:in `call_iterator_block'
/opt/chef-workstation/embedded/lib/ruby/gems/3.0.0/gems/chef-17.6.18/lib/chef/resource_collection/stepable_iterator.rb:85:in `step'
/opt/chef-workstation/embedded/lib/ruby/gems/3.0.0/gems/chef-17.6.18/lib/chef/resource_collection/stepable_iterator.rb:103:in `iterate'
/opt/chef-workstation/embedded/lib/ruby/gems/3.0.0/gems/chef-17.6.18/lib/chef/resource_collection/stepable_iterator.rb:54:in `each_with_index'
/opt/chef-workstation/embedded/lib/ruby/gems/3.0.0/gems/chef-17.6.18/lib/chef/resource_collection/resource_list.rb:94:in `execute_each_resource'
/opt/chef-workstation/embedded/lib/ruby/3.0.0/forwardable.rb:238:in `execute_each_resource'
/opt/chef-workstation/embedded/lib/ruby/gems/3.0.0/gems/chef-17.6.18/lib/chef/runner.rb:130:in `converge'
/opt/chef-workstation/embedded/lib/ruby/gems/3.0.0/gems/chef-17.6.18/lib/chef/client.rb:686:in `block in converge'
/opt/chef-workstation/embedded/lib/ruby/gems/3.0.0/gems/chef-17.6.18/lib/chef/client.rb:681:in `catch'
/opt/chef-workstation/embedded/lib/ruby/gems/3.0.0/gems/chef-17.6.18/lib/chef/client.rb:681:in `converge'
/opt/chef-workstation/embedded/lib/ruby/gems/3.0.0/gems/chef-17.6.18/lib/chef/client.rb:705:in `converge_and_save'
/opt/chef-workstation/embedded/lib/ruby/gems/3.0.0/gems/chef-17.6.18/lib/chef/client.rb:285:in `run'
/opt/chef-workstation/embedded/lib/ruby/gems/3.0.0/gems/chef-17.6.18/lib/chef/application.rb:305:in `run_with_graceful_exit_option'
/opt/chef-workstation/embedded/lib/ruby/gems/3.0.0/gems/chef-17.6.18/lib/chef/application.rb:281:in `block in run_chef_client'
/opt/chef-workstation/embedded/lib/ruby/gems/3.0.0/gems/chef-17.6.18/lib/chef/local_mode.rb:42:in `with_server_connectivity'
/opt/chef-workstation/embedded/lib/ruby/gems/3.0.0/gems/chef-17.6.18/lib/chef/application.rb:264:in `run_chef_client'
/opt/chef-workstation/embedded/lib/ruby/gems/3.0.0/gems/chef-17.6.18/lib/chef/application/base.rb:352:in `run_application'
/opt/chef-workstation/embedded/lib/ruby/gems/3.0.0/gems/chef-17.6.18/lib/chef/application.rb:67:in `run'
/opt/chef-workstation/embedded/lib/ruby/gems/3.0.0/gems/chef-17.6.18/lib/chef/application/solo.rb:60:in `run'
/opt/chef-workstation/embedded/lib/ruby/gems/3.0.0/gems/chef-bin-17.6.18/bin/chef-solo:24:in `<top (required)>'
/usr/bin/chef-solo:376:in `load'
/usr/bin/chef-solo:376:in `<main>'